<?xml version="1.0" encoding="UTF-8"?>
<!-- Generated by org.testng.reporters.JUnitReportReporter -->
<testsuite hostname="LAP-WIN-326" name="com.edgenetworks.excelvalues.ExecutiveDashBoard" tests="1" failures="0" timestamp="25 Oct 2019 09:54:37 GMT" time="173.810" errors="0">
  <testcase name="Employee" time="173.810" classname="com.edgenetworks.excelvalues.ExecutiveDashBoard"/>
</testsuite> <!-- com.edgenetworks.excelvalues.ExecutiveDashBoard -->
