<?xml version="1.0" encoding="UTF-8"?>
<!-- Generated by org.testng.reporters.JUnitReportReporter -->
<testsuite hostname="LAP-WIN-326" name="Runner.IWO_UST_TestRunner" tests="1" failures="0" timestamp="17 Oct 2019 11:39:33 GMT" time="85.268" errors="0">
  <testcase name="feature" time="85.268" classname="Runner.IWO_UST_TestRunner"/>
</testsuite> <!-- Runner.IWO_UST_TestRunner -->
